c:\users\game2018 - 4\documents\슈팅게임\모의대회\release\engine.pch
c:\users\game2018 - 4\documents\슈팅게임\모의대회\release\vc141.pdb
c:\users\game2018 - 4\documents\슈팅게임\모의대회\release\dxut.obj
c:\users\game2018 - 4\documents\슈팅게임\모의대회\release\particle.obj
c:\users\game2018 - 4\documents\슈팅게임\모의대회\release\mainscene.obj
c:\users\game2018 - 4\documents\슈팅게임\모의대회\release\loadingscene.obj
c:\users\game2018 - 4\documents\슈팅게임\모의대회\release\item.obj
c:\users\game2018 - 4\documents\슈팅게임\모의대회\release\introscene.obj
c:\users\game2018 - 4\documents\슈팅게임\모의대회\release\inputscene.obj
c:\users\game2018 - 4\documents\슈팅게임\모의대회\release\hitmap.obj
c:\users\game2018 - 4\documents\슈팅게임\모의대회\release\gamescene.obj
c:\users\game2018 - 4\documents\슈팅게임\모의대회\release\gamemanager.obj
c:\users\game2018 - 4\documents\슈팅게임\모의대회\release\entity.obj
c:\users\game2018 - 4\documents\슈팅게임\모의대회\release\enemymanager.obj
c:\users\game2018 - 4\documents\슈팅게임\모의대회\release\enemy.obj
c:\users\game2018 - 4\documents\슈팅게임\모의대회\release\endingscene.obj
c:\users\game2018 - 4\documents\슈팅게임\모의대회\release\sdkwavefile.obj
c:\users\game2018 - 4\documents\슈팅게임\모의대회\release\sdksound.obj
c:\users\game2018 - 4\documents\슈팅게임\모의대회\release\bullet.obj
c:\users\game2018 - 4\documents\슈팅게임\모의대회\release\boss.obj
c:\users\game2018 - 4\documents\슈팅게임\모의대회\release\asset.obj
c:\users\game2018 - 4\documents\슈팅게임\모의대회\release\animation.obj
c:\users\game2018 - 4\documents\슈팅게임\모의대회\release\addon.obj
c:\users\game2018 - 4\documents\슈팅게임\모의대회\release\engine.obj
c:\users\game2018 - 4\documents\슈팅게임\모의대회\release\sdkmisc.obj
c:\users\game2018 - 4\documents\슈팅게임\모의대회\release\sdkmesh.obj
c:\users\game2018 - 4\documents\슈팅게임\모의대회\release\dxutsettingsdlg.obj
c:\users\game2018 - 4\documents\슈팅게임\모의대회\release\dxutres.obj
c:\users\game2018 - 4\documents\슈팅게임\모의대회\release\dxutgui.obj
c:\users\game2018 - 4\documents\슈팅게임\모의대회\release\dxutcamera.obj
c:\users\game2018 - 4\documents\슈팅게임\모의대회\release\dxutmisc.obj
c:\users\game2018 - 4\documents\슈팅게임\모의대회\release\dxutenum.obj
c:\users\game2018 - 4\documents\슈팅게임\모의대회\release\world.obj
c:\users\game2018 - 4\documents\슈팅게임\모의대회\release\unit.obj
c:\users\game2018 - 4\documents\슈팅게임\모의대회\release\ui.obj
c:\users\game2018 - 4\documents\슈팅게임\모의대회\release\timer.obj
c:\users\game2018 - 4\documents\슈팅게임\모의대회\release\texture.obj
c:\users\game2018 - 4\documents\슈팅게임\모의대회\release\text.obj
c:\users\game2018 - 4\documents\슈팅게임\모의대회\release\storescene.obj
c:\users\game2018 - 4\documents\슈팅게임\모의대회\release\sprite.obj
c:\users\game2018 - 4\documents\슈팅게임\모의대회\release\scene.obj
c:\users\game2018 - 4\documents\슈팅게임\모의대회\release\rankingscene.obj
c:\users\game2018 - 4\documents\슈팅게임\모의대회\release\player.obj
c:\users\game2018 - 4\documents\슈팅게임\모의대회\release\engine.res
c:\users\game2018 - 4\documents\슈팅게임\모의대회\release\engine.tlog\cl.command.1.tlog
c:\users\game2018 - 4\documents\슈팅게임\모의대회\release\engine.tlog\cl.read.1.tlog
c:\users\game2018 - 4\documents\슈팅게임\모의대회\release\engine.tlog\cl.write.1.tlog
c:\users\game2018 - 4\documents\슈팅게임\모의대회\release\engine.tlog\link.command.1.tlog
c:\users\game2018 - 4\documents\슈팅게임\모의대회\release\engine.tlog\link.read.1.tlog
c:\users\game2018 - 4\documents\슈팅게임\모의대회\release\engine.tlog\link.write.1.tlog
c:\users\game2018 - 4\documents\슈팅게임\모의대회\release\engine.tlog\rc.command.1.tlog
c:\users\game2018 - 4\documents\슈팅게임\모의대회\release\engine.tlog\rc.read.1.tlog
c:\users\game2018 - 4\documents\슈팅게임\모의대회\release\engine.tlog\rc.write.1.tlog
